This file contains any messages produced by compilers while
running configure, to aid debugging if configure makes a mistake.

It was created by lcm configure 1.3.1, which was
generated by GNU Autoconf 2.69.  Invocation command line was

  $ ./configure 

## --------- ##
## Platform. ##
## --------- ##

hostname = wbl
uname -m = x86_64
uname -r = 4.15.0-48-generic
uname -s = Linux
uname -v = #51~16.04.1-Ubuntu SMP Fri Apr 5 12:01:12 UTC 2019

/usr/bin/uname -p = unknown
/bin/uname -X     = unknown

/bin/arch              = unknown
/usr/bin/arch -k       = unknown
/usr/convex/getsysinfo = unknown
/usr/bin/hostinfo      = unknown
/bin/machine           = unknown
/usr/bin/oslevel       = unknown
/bin/universe          = unknown

PATH: /home/wbl/bin
PATH: /home/wbl/.local/bin
PATH: /usr/local/sbin
PATH: /usr/local/bin
PATH: /usr/sbin
PATH: /usr/bin
PATH: /sbin
PATH: /bin
PATH: /usr/games
PATH: /usr/local/games
PATH: /snap/bin


## ----------- ##
## Core tests. ##
## ----------- ##

configure:2315: checking build system type
configure:2329: result: x86_64-unknown-linux-gnu
configure:2349: checking host system type
configure:2362: result: x86_64-unknown-linux-gnu
configure:2382: checking target system type
configure:2395: result: x86_64-unknown-linux-gnu
configure:2438: checking for a BSD-compatible install
configure:2506: result: /usr/bin/install -c
configure:2517: checking whether build environment is sane
configure:2572: result: yes
configure:2723: checking for a thread-safe mkdir -p
configure:2762: result: /bin/mkdir -p
configure:2769: checking for gawk
configure:2799: result: no
configure:2769: checking for mawk
configure:2785: found /usr/bin/mawk
configure:2796: result: mawk
configure:2807: checking whether make sets $(MAKE)
configure:2829: result: yes
configure:2858: checking whether make supports nested variables
configure:2875: result: yes
configure:2964: checking whether UID '1000' is supported by ustar format
configure:2967: result: yes
configure:2974: checking whether GID '1000' is supported by ustar format
configure:2977: result: yes
configure:2985: checking how to create a ustar tar archive
configure:2996: tar --version
tar (GNU tar) 1.28
Copyright (C) 2014 Free Software Foundation, Inc.
License GPLv3+: GNU GPL version 3 or later <http://gnu.org/licenses/gpl.html>.
This is free software: you are free to change and redistribute it.
There is NO WARRANTY, to the extent permitted by law.

Written by John Gilmore and Jay Fenlason.
configure:2999: $? = 0
configure:3039: tardir=conftest.dir && eval tar --format=ustar -chf - "$tardir" >conftest.tar
configure:3042: $? = 0
configure:3046: tar -xf - <conftest.tar
configure:3049: $? = 0
configure:3051: cat conftest.dir/file
GrepMe
configure:3054: $? = 0
configure:3067: result: gnutar
configure:3166: checking for gcc
configure:3182: found /usr/bin/gcc
configure:3193: result: gcc
configure:3422: checking for C compiler version
configure:3431: gcc --version >&5
gcc (Ubuntu 5.4.0-6ubuntu1~16.04.11) 5.4.0 20160609
Copyright (C) 2015 Free Software Foundation, Inc.
This is free software; see the source for copying conditions.  There is NO
warranty; not even for MERCHANTABILITY or FITNESS FOR A PARTICULAR PURPOSE.

configure:3442: $? = 0
configure:3431: gcc -v >&5
Using built-in specs.
COLLECT_GCC=gcc
COLLECT_LTO_WRAPPER=/usr/lib/gcc/x86_64-linux-gnu/5/lto-wrapper
Target: x86_64-linux-gnu
Configured with: ../src/configure -v --with-pkgversion='Ubuntu 5.4.0-6ubuntu1~16.04.11' --with-bugurl=file:///usr/share/doc/gcc-5/README.Bugs --enable-languages=c,ada,c++,java,go,d,fortran,objc,obj-c++ --prefix=/usr --program-suffix=-5 --enable-shared --enable-linker-build-id --libexecdir=/usr/lib --without-included-gettext --enable-threads=posix --libdir=/usr/lib --enable-nls --with-sysroot=/ --enable-clocale=gnu --enable-libstdcxx-debug --enable-libstdcxx-time=yes --with-default-libstdcxx-abi=new --enable-gnu-unique-object --disable-vtable-verify --enable-libmpx --enable-plugin --with-system-zlib --disable-browser-plugin --enable-java-awt=gtk --enable-gtk-cairo --with-java-home=/usr/lib/jvm/java-1.5.0-gcj-5-amd64/jre --enable-java-home --with-jvm-root-dir=/usr/lib/jvm/java-1.5.0-gcj-5-amd64 --with-jvm-jar-dir=/usr/lib/jvm-exports/java-1.5.0-gcj-5-amd64 --with-arch-directory=amd64 --with-ecj-jar=/usr/share/java/eclipse-ecj.jar --enable-objc-gc --enable-multiarch --disable-werror --with-arch-32=i686 --with-abi=m64 --with-multilib-list=m32,m64,mx32 --enable-multilib --with-tune=generic --enable-checking=release --build=x86_64-linux-gnu --host=x86_64-linux-gnu --target=x86_64-linux-gnu
Thread model: posix
gcc version 5.4.0 20160609 (Ubuntu 5.4.0-6ubuntu1~16.04.11) 
configure:3442: $? = 0
configure:3431: gcc -V >&5
gcc: error: unrecognized command line option '-V'
gcc: fatal error: no input files
compilation terminated.
configure:3442: $? = 1
configure:3431: gcc -qversion >&5
gcc: error: unrecognized command line option '-qversion'
gcc: fatal error: no input files
compilation terminated.
configure:3442: $? = 1
configure:3462: checking whether the C compiler works
configure:3484: gcc    conftest.c  >&5
configure:3488: $? = 0
configure:3536: result: yes
configure:3539: checking for C compiler default output file name
configure:3541: result: a.out
configure:3547: checking for suffix of executables
configure:3554: gcc -o conftest    conftest.c  >&5
configure:3558: $? = 0
configure:3580: result: 
configure:3602: checking whether we are cross compiling
configure:3610: gcc -o conftest    conftest.c  >&5
configure:3614: $? = 0
configure:3621: ./conftest
configure:3625: $? = 0
configure:3640: result: no
configure:3645: checking for suffix of object files
configure:3667: gcc -c   conftest.c >&5
configure:3671: $? = 0
configure:3692: result: o
configure:3696: checking whether we are using the GNU C compiler
configure:3715: gcc -c   conftest.c >&5
configure:3715: $? = 0
configure:3724: result: yes
configure:3733: checking whether gcc accepts -g
configure:3753: gcc -c -g  conftest.c >&5
configure:3753: $? = 0
configure:3794: result: yes
configure:3811: checking for gcc option to accept ISO C89
configure:3874: gcc  -c -g -O2  conftest.c >&5
configure:3874: $? = 0
configure:3887: result: none needed
configure:3912: checking whether gcc understands -c and -o together
configure:3934: gcc -c conftest.c -o conftest2.o
configure:3937: $? = 0
configure:3934: gcc -c conftest.c -o conftest2.o
configure:3937: $? = 0
configure:3949: result: yes
configure:3977: checking for style of include used by make
configure:4005: result: GNU
configure:4031: checking dependency style of gcc
configure:4142: result: gcc3
configure:4211: checking for pkg-config
configure:4229: found /usr/bin/pkg-config
configure:4241: result: /usr/bin/pkg-config
configure:4266: checking pkg-config is at least version 0.9.0
configure:4269: result: yes
configure:4279: checking for GLIB
configure:4286: $PKG_CONFIG --exists --print-errors "glib-2.0 >= 2.0.0 gthread-2.0 >= 2.0.0"
configure:4289: $? = 0
configure:4303: $PKG_CONFIG --exists --print-errors "glib-2.0 >= 2.0.0 gthread-2.0 >= 2.0.0"
configure:4306: $? = 0
configure:4344: result: yes
configure:4352: checking for jar
configure:4370: found /usr/bin/jar
configure:4382: result: /usr/bin/jar
configure:4397: checking for javac
configure:4415: found /usr/bin/javac
configure:4427: result: /usr/bin/javac
configure:4450: checking whether make supports nested variables
configure:4467: result: yes
configure:4567: checking how to print strings
configure:4594: result: printf
configure:4615: checking for a sed that does not truncate output
configure:4679: result: /bin/sed
configure:4697: checking for grep that handles long lines and -e
configure:4755: result: /bin/grep
configure:4760: checking for egrep
configure:4822: result: /bin/grep -E
configure:4827: checking for fgrep
configure:4889: result: /bin/grep -F
configure:4924: checking for ld used by gcc
configure:4991: result: /usr/bin/ld
configure:4998: checking if the linker (/usr/bin/ld) is GNU ld
configure:5013: result: yes
configure:5025: checking for BSD- or MS-compatible name lister (nm)
configure:5074: result: /usr/bin/nm -B
configure:5204: checking the name lister (/usr/bin/nm -B) interface
configure:5211: gcc -c -g -O2  conftest.c >&5
configure:5214: /usr/bin/nm -B "conftest.o"
configure:5217: output
0000000000000000 B some_variable
configure:5224: result: BSD nm
configure:5227: checking whether ln -s works
configure:5231: result: yes
configure:5239: checking the maximum length of command line arguments
configure:5370: result: 1572864
configure:5387: checking whether the shell understands some XSI constructs
configure:5397: result: yes
configure:5401: checking whether the shell understands "+="
configure:5407: result: yes
configure:5442: checking how to convert x86_64-unknown-linux-gnu file names to x86_64-unknown-linux-gnu format
configure:5482: result: func_convert_file_noop
configure:5489: checking how to convert x86_64-unknown-linux-gnu file names to toolchain format
configure:5509: result: func_convert_file_noop
configure:5516: checking for /usr/bin/ld option to reload object files
configure:5523: result: -r
configure:5597: checking for objdump
configure:5613: found /usr/bin/objdump
configure:5624: result: objdump
configure:5656: checking how to recognize dependent libraries
configure:5854: result: pass_all
configure:5939: checking for dlltool
configure:5969: result: no
configure:5999: checking how to associate runtime and link libraries
configure:6026: result: printf %s\n
configure:6087: checking for ar
configure:6103: found /usr/bin/ar
configure:6114: result: ar
configure:6151: checking for archiver @FILE support
configure:6168: gcc -c -g -O2  conftest.c >&5
configure:6168: $? = 0
configure:6171: ar cru libconftest.a @conftest.lst >&5
ar: `u' modifier ignored since `D' is the default (see `U')
configure:6174: $? = 0
configure:6179: ar cru libconftest.a @conftest.lst >&5
ar: `u' modifier ignored since `D' is the default (see `U')
ar: conftest.o: No such file or directory
configure:6182: $? = 1
configure:6194: result: @
configure:6252: checking for strip
configure:6268: found /usr/bin/strip
configure:6279: result: strip
configure:6351: checking for ranlib
configure:6367: found /usr/bin/ranlib
configure:6378: result: ranlib
configure:6480: checking command to parse /usr/bin/nm -B output from gcc object
configure:6600: gcc -c -g -O2  conftest.c >&5
configure:6603: $? = 0
configure:6607: /usr/bin/nm -B conftest.o \| sed -n -e 's/^.*[ ]\([ABCDGIRSTW][ABCDGIRSTW]*\)[ ][ ]*\([_A-Za-z][_A-Za-z0-9]*\)$/\1 \2 \2/p' | sed '/ __gnu_lto/d' \> conftest.nm
configure:6610: $? = 0
configure:6676: gcc -o conftest -g -O2   conftest.c conftstm.o >&5
configure:6679: $? = 0
configure:6717: result: ok
configure:6754: checking for sysroot
configure:6784: result: no
configure:6861: gcc -c -g -O2  conftest.c >&5
configure:6864: $? = 0
configure:7053: checking for mt
configure:7069: found /bin/mt
configure:7080: result: mt
configure:7103: checking if mt is a manifest tool
configure:7109: mt '-?'
configure:7117: result: no
configure:7759: checking how to run the C preprocessor
configure:7790: gcc -E  conftest.c
configure:7790: $? = 0
configure:7804: gcc -E  conftest.c
conftest.c:11:28: fatal error: ac_nonexistent.h: No such file or directory
compilation terminated.
configure:7804: $? = 1
configure: failed program was:
| /* confdefs.h */
| #define PACKAGE_NAME "lcm"
| #define PACKAGE_TARNAME "lcm"
| #define PACKAGE_VERSION "1.3.1"
| #define PACKAGE_STRING "lcm 1.3.1"
| #define PACKAGE_BUGREPORT ""
| #define PACKAGE_URL ""
| #define PACKAGE "lcm"
| #define VERSION "1.3.1"
| /* end confdefs.h.  */
| #include <ac_nonexistent.h>
configure:7829: result: gcc -E
configure:7849: gcc -E  conftest.c
configure:7849: $? = 0
configure:7863: gcc -E  conftest.c
conftest.c:11:28: fatal error: ac_nonexistent.h: No such file or directory
compilation terminated.
configure:7863: $? = 1
configure: failed program was:
| /* confdefs.h */
| #define PACKAGE_NAME "lcm"
| #define PACKAGE_TARNAME "lcm"
| #define PACKAGE_VERSION "1.3.1"
| #define PACKAGE_STRING "lcm 1.3.1"
| #define PACKAGE_BUGREPORT ""
| #define PACKAGE_URL ""
| #define PACKAGE "lcm"
| #define VERSION "1.3.1"
| /* end confdefs.h.  */
| #include <ac_nonexistent.h>
configure:7892: checking for ANSI C header files
configure:7912: gcc -c -g -O2  conftest.c >&5
configure:7912: $? = 0
configure:7985: gcc -o conftest -g -O2   conftest.c  >&5
configure:7985: $? = 0
configure:7985: ./conftest
configure:7985: $? = 0
configure:7996: result: yes
configure:8009: checking for sys/types.h
configure:8009: gcc -c -g -O2  conftest.c >&5
configure:8009: $? = 0
configure:8009: result: yes
configure:8009: checking for sys/stat.h
configure:8009: gcc -c -g -O2  conftest.c >&5
configure:8009: $? = 0
configure:8009: result: yes
configure:8009: checking for stdlib.h
configure:8009: gcc -c -g -O2  conftest.c >&5
configure:8009: $? = 0
configure:8009: result: yes
configure:8009: checking for string.h
configure:8009: gcc -c -g -O2  conftest.c >&5
configure:8009: $? = 0
configure:8009: result: yes
configure:8009: checking for memory.h
configure:8009: gcc -c -g -O2  conftest.c >&5
configure:8009: $? = 0
configure:8009: result: yes
configure:8009: checking for strings.h
configure:8009: gcc -c -g -O2  conftest.c >&5
configure:8009: $? = 0
configure:8009: result: yes
configure:8009: checking for inttypes.h
configure:8009: gcc -c -g -O2  conftest.c >&5
configure:8009: $? = 0
configure:8009: result: yes
configure:8009: checking for stdint.h
configure:8009: gcc -c -g -O2  conftest.c >&5
configure:8009: $? = 0
configure:8009: result: yes
configure:8009: checking for unistd.h
configure:8009: gcc -c -g -O2  conftest.c >&5
configure:8009: $? = 0
configure:8009: result: yes
configure:8023: checking for dlfcn.h
configure:8023: gcc -c -g -O2  conftest.c >&5
configure:8023: $? = 0
configure:8023: result: yes
configure:8199: checking for objdir
configure:8214: result: .libs
configure:8485: checking if gcc supports -fno-rtti -fno-exceptions
configure:8503: gcc -c -g -O2  -fno-rtti -fno-exceptions conftest.c >&5
cc1: warning: command line option '-fno-rtti' is valid for C++/ObjC++ but not for C
configure:8507: $? = 0
configure:8520: result: no
configure:8847: checking for gcc option to produce PIC
configure:8854: result: -fPIC -DPIC
configure:8862: checking if gcc PIC flag -fPIC -DPIC works
configure:8880: gcc -c -g -O2  -fPIC -DPIC -DPIC conftest.c >&5
configure:8884: $? = 0
configure:8897: result: yes
configure:8926: checking if gcc static flag -static works
configure:8954: result: yes
configure:8969: checking if gcc supports -c -o file.o
configure:8990: gcc -c -g -O2  -o out/conftest2.o conftest.c >&5
configure:8994: $? = 0
configure:9016: result: yes
configure:9024: checking if gcc supports -c -o file.o
configure:9071: result: yes
configure:9104: checking whether the gcc linker (/usr/bin/ld -m elf_x86_64) supports shared libraries
configure:10261: result: yes
configure:10298: checking whether -lc should be explicitly linked in
configure:10306: gcc -c -g -O2  conftest.c >&5
configure:10309: $? = 0
configure:10324: gcc -shared  -fPIC -DPIC conftest.o  -v -Wl,-soname -Wl,conftest -o conftest 2\>\&1 \| /bin/grep  -lc  \>/dev/null 2\>\&1
configure:10327: $? = 0
configure:10341: result: no
configure:10501: checking dynamic linker characteristics
configure:11001: gcc -o conftest -g -O2   -Wl,-rpath -Wl,/foo conftest.c  >&5
configure:11001: $? = 0
configure:11235: result: GNU/Linux ld.so
configure:11342: checking how to hardcode library paths into programs
configure:11367: result: immediate
configure:11907: checking whether stripping libraries is possible
configure:11912: result: yes
configure:11947: checking if libtool supports shared libraries
configure:11949: result: yes
configure:11952: checking whether to build shared libraries
configure:11973: result: yes
configure:11976: checking whether to build static libraries
configure:11980: result: no
configure:12020: checking for library containing gethostbyname
configure:12051: gcc -o conftest -g -O2   conftest.c  >&5
configure:12051: $? = 0
configure:12068: result: none required
configure:12076: checking for library containing socket
configure:12107: gcc -o conftest -g -O2   conftest.c  >&5
configure:12107: $? = 0
configure:12124: result: none required
configure:12177: checking for library containing nanosleep
configure:12208: gcc -o conftest -g -O2   conftest.c  >&5
configure:12208: $? = 0
configure:12225: result: none required
configure:12235: checking for library containing inet_aton
configure:12266: gcc -o conftest -g -O2   conftest.c  >&5
configure:12266: $? = 0
configure:12283: result: none required
configure:12337: checking for a Python interpreter with version >= 2.3
configure:12354: python -c import sys # split strings by '.' and convert to numeric. Append some zeros # because we need at least 4 digits for the hex conversion. # map returns an iterator in Python 3.0 and a list in 2.x minver = list(map(int, '2.3'.split('.'))) + [0, 0, 0] minverhex = 0 # xrange is not present in Python 3.0 and range returns an iterator for i in list(range(0, 4)): minverhex = (minverhex << 8) + minver[i] sys.exit(sys.hexversion < minverhex)
configure:12357: $? = 0
configure:12363: result: python
configure:12371: checking for python
configure:12389: found /usr/bin/python
configure:12401: result: /usr/bin/python
configure:12419: checking for python version
configure:12426: result: 2.7
configure:12438: checking for python platform
configure:12445: result: linux2
configure:12471: checking for python script directory
configure:12506: result: ${prefix}/lib/python2.7/dist-packages
configure:12515: checking for python extension module directory
configure:12550: result: ${exec_prefix}/lib/python2.7/dist-packages
configure:12564: checking for headers required to compile python extensions
configure:12583: gcc -E  -I/usr/include/python2.7 -I/usr/include/x86_64-linux-gnu/python2.7 conftest.c
configure:12583: $? = 0
configure:12584: result: found
configure:12732: checking for a Lua interpreter with version >= 5.1
configure:12795: result: none
configure:13602: checking that generated files are newer than configure
configure:13608: result: done
configure:13643: creating ./config.status

## ---------------------- ##
## Running config.status. ##
## ---------------------- ##

This file was extended by lcm config.status 1.3.1, which was
generated by GNU Autoconf 2.69.  Invocation command line was

  CONFIG_FILES    = 
  CONFIG_HEADERS  = 
  CONFIG_LINKS    = 
  CONFIG_COMMANDS = 
  $ ./config.status 

on wbl

config.status:1063: creating Makefile
config.status:1063: creating lcm/Makefile
config.status:1063: creating lcm/lcm.pc
config.status:1063: creating liblcm-test/Makefile
config.status:1063: creating lcm-logger/Makefile
config.status:1063: creating lcmgen/Makefile
config.status:1063: creating lcm-java/Makefile
config.status:1063: creating lcm-java/lcm-java.pc
config.status:1063: creating lcm-python/Makefile
config.status:1063: creating lcm-lua/Makefile
config.status:1063: creating examples/Makefile
config.status:1063: creating m4/Makefile
config.status:1063: creating m4macros/Makefile
config.status:1235: executing depfiles commands
config.status:1235: executing libtool commands

## ---------------- ##
## Cache variables. ##
## ---------------- ##

ac_cv_build=x86_64-unknown-linux-gnu
ac_cv_c_compiler_gnu=yes
ac_cv_env_CC_set=
ac_cv_env_CC_value=
ac_cv_env_CFLAGS_set=
ac_cv_env_CFLAGS_value=
ac_cv_env_CPPFLAGS_set=
ac_cv_env_CPPFLAGS_value=
ac_cv_env_CPP_set=
ac_cv_env_CPP_value=
ac_cv_env_GLIB_CFLAGS_set=
ac_cv_env_GLIB_CFLAGS_value=
ac_cv_env_GLIB_LIBS_set=
ac_cv_env_GLIB_LIBS_value=
ac_cv_env_LDFLAGS_set=
ac_cv_env_LDFLAGS_value=
ac_cv_env_LIBS_set=
ac_cv_env_LIBS_value=
ac_cv_env_LUA_INCLUDE_set=
ac_cv_env_LUA_INCLUDE_value=
ac_cv_env_LUA_LIB_set=
ac_cv_env_LUA_LIB_value=
ac_cv_env_LUA_set=
ac_cv_env_LUA_value=
ac_cv_env_PKG_CONFIG_LIBDIR_set=
ac_cv_env_PKG_CONFIG_LIBDIR_value=
ac_cv_env_PKG_CONFIG_PATH_set=
ac_cv_env_PKG_CONFIG_PATH_value=
ac_cv_env_PKG_CONFIG_set=
ac_cv_env_PKG_CONFIG_value=
ac_cv_env_PYTHON_set=
ac_cv_env_PYTHON_value=
ac_cv_env_build_alias_set=
ac_cv_env_build_alias_value=
ac_cv_env_host_alias_set=
ac_cv_env_host_alias_value=
ac_cv_env_target_alias_set=
ac_cv_env_target_alias_value=
ac_cv_header_dlfcn_h=yes
ac_cv_header_inttypes_h=yes
ac_cv_header_memory_h=yes
ac_cv_header_stdc=yes
ac_cv_header_stdint_h=yes
ac_cv_header_stdlib_h=yes
ac_cv_header_string_h=yes
ac_cv_header_strings_h=yes
ac_cv_header_sys_stat_h=yes
ac_cv_header_sys_types_h=yes
ac_cv_header_unistd_h=yes
ac_cv_host=x86_64-unknown-linux-gnu
ac_cv_objext=o
ac_cv_path_EGREP='/bin/grep -E'
ac_cv_path_FGREP='/bin/grep -F'
ac_cv_path_GREP=/bin/grep
ac_cv_path_JAR=/usr/bin/jar
ac_cv_path_JAVAC=/usr/bin/javac
ac_cv_path_PYTHON=/usr/bin/python
ac_cv_path_SED=/bin/sed
ac_cv_path_ac_pt_PKG_CONFIG=/usr/bin/pkg-config
ac_cv_path_install='/usr/bin/install -c'
ac_cv_path_mkdir=/bin/mkdir
ac_cv_prog_AWK=mawk
ac_cv_prog_CPP='gcc -E'
ac_cv_prog_ac_ct_AR=ar
ac_cv_prog_ac_ct_CC=gcc
ac_cv_prog_ac_ct_MANIFEST_TOOL=mt
ac_cv_prog_ac_ct_OBJDUMP=objdump
ac_cv_prog_ac_ct_RANLIB=ranlib
ac_cv_prog_ac_ct_STRIP=strip
ac_cv_prog_cc_c89=
ac_cv_prog_cc_g=yes
ac_cv_prog_make_make_set=yes
ac_cv_search_gethostbyname='none required'
ac_cv_search_inet_aton='none required'
ac_cv_search_nanosleep='none required'
ac_cv_search_socket='none required'
ac_cv_target=x86_64-unknown-linux-gnu
am_cv_CC_dependencies_compiler_type=gcc3
am_cv_make_support_nested_variables=yes
am_cv_pathless_PYTHON=python
am_cv_prog_cc_c_o=yes
am_cv_prog_tar_ustar=gnutar
am_cv_python_platform=linux2
am_cv_python_pyexecdir='${exec_prefix}/lib/python2.7/dist-packages'
am_cv_python_pythondir='${prefix}/lib/python2.7/dist-packages'
am_cv_python_version=2.7
ax_cv_pathless_LUA=none
lt_cv_ar_at_file=@
lt_cv_archive_cmds_need_lc=no
lt_cv_deplibs_check_method=pass_all
lt_cv_file_magic_cmd='$MAGIC_CMD'
lt_cv_file_magic_test_file=
lt_cv_ld_reload_flag=-r
lt_cv_nm_interface='BSD nm'
lt_cv_objdir=.libs
lt_cv_path_LD=/usr/bin/ld
lt_cv_path_NM='/usr/bin/nm -B'
lt_cv_path_mainfest_tool=no
lt_cv_prog_compiler_c_o=yes
lt_cv_prog_compiler_pic='-fPIC -DPIC'
lt_cv_prog_compiler_pic_works=yes
lt_cv_prog_compiler_rtti_exceptions=no
lt_cv_prog_compiler_static_works=yes
lt_cv_prog_gnu_ld=yes
lt_cv_sharedlib_from_linklib_cmd='printf %s\n'
lt_cv_shlibpath_overrides_runpath=no
lt_cv_sys_global_symbol_pipe='sed -n -e '\''s/^.*[	 ]\([ABCDGIRSTW][ABCDGIRSTW]*\)[	 ][	 ]*\([_A-Za-z][_A-Za-z0-9]*\)$/\1 \2 \2/p'\'' | sed '\''/ __gnu_lto/d'\'''
lt_cv_sys_global_symbol_to_c_name_address='sed -n -e '\''s/^: \([^ ]*\)[ ]*$/  {\"\1\", (void *) 0},/p'\'' -e '\''s/^[ABCDGIRSTW]* \([^ ]*\) \([^ ]*\)$/  {"\2", (void *) \&\2},/p'\'''
lt_cv_sys_global_symbol_to_c_name_address_lib_prefix='sed -n -e '\''s/^: \([^ ]*\)[ ]*$/  {\"\1\", (void *) 0},/p'\'' -e '\''s/^[ABCDGIRSTW]* \([^ ]*\) \(lib[^ ]*\)$/  {"\2", (void *) \&\2},/p'\'' -e '\''s/^[ABCDGIRSTW]* \([^ ]*\) \([^ ]*\)$/  {"lib\2", (void *) \&\2},/p'\'''
lt_cv_sys_global_symbol_to_cdecl='sed -n -e '\''s/^T .* \(.*\)$/extern int \1();/p'\'' -e '\''s/^[ABCDGIRSTW]* .* \(.*\)$/extern char \1;/p'\'''
lt_cv_sys_max_cmd_len=1572864
lt_cv_to_host_file_cmd=func_convert_file_noop
lt_cv_to_tool_file_cmd=func_convert_file_noop
pkg_cv_GLIB_CFLAGS='-pthread -I/usr/include/glib-2.0 -I/usr/lib/x86_64-linux-gnu/glib-2.0/include'
pkg_cv_GLIB_LIBS='-lgthread-2.0 -pthread -lglib-2.0'

## ----------------- ##
## Output variables. ##
## ----------------- ##

ACLOCAL='${SHELL} /home/wbl/autocar/lcm-1.3.1/missing aclocal-1.14'
AMDEPBACKSLASH='\'
AMDEP_FALSE='#'
AMDEP_TRUE=''
AMTAR='$${TAR-tar}'
AM_BACKSLASH='\'
AM_CFLAGS=' -g -std=gnu99 -Wall -D_FILE_OFFSET_BITS=64 -D_LARGEFILE_SOURCE -D_REENTRANT -Wno-unused-parameter -Wno-format-zero-length -Wshadow'
AM_DEFAULT_V='$(AM_DEFAULT_VERBOSITY)'
AM_DEFAULT_VERBOSITY='0'
AM_V='$(V)'
AR='ar'
AUTOCONF='${SHELL} /home/wbl/autocar/lcm-1.3.1/missing autoconf'
AUTOHEADER='${SHELL} /home/wbl/autocar/lcm-1.3.1/missing autoheader'
AUTOMAKE='${SHELL} /home/wbl/autocar/lcm-1.3.1/missing automake-1.14'
AWK='mawk'
CC='gcc'
CCDEPMODE='depmode=gcc3'
CFLAGS='-g -O2'
CHART2D_VERSION='3.2.2'
CPP='gcc -E'
CPPFLAGS=''
CYGPATH_W='echo'
DEFS='-DPACKAGE_NAME=\"lcm\" -DPACKAGE_TARNAME=\"lcm\" -DPACKAGE_VERSION=\"1.3.1\" -DPACKAGE_STRING=\"lcm\ 1.3.1\" -DPACKAGE_BUGREPORT=\"\" -DPACKAGE_URL=\"\" -DPACKAGE=\"lcm\" -DVERSION=\"1.3.1\" -DSTDC_HEADERS=1 -DHAVE_SYS_TYPES_H=1 -DHAVE_SYS_STAT_H=1 -DHAVE_STDLIB_H=1 -DHAVE_STRING_H=1 -DHAVE_MEMORY_H=1 -DHAVE_STRINGS_H=1 -DHAVE_INTTYPES_H=1 -DHAVE_STDINT_H=1 -DHAVE_UNISTD_H=1 -DHAVE_DLFCN_H=1 -DLT_OBJDIR=\".libs/\"'
DEPDIR='.deps'
DLLTOOL='false'
DSYMUTIL=''
DUMPBIN=''
ECHO_C=''
ECHO_N='-n'
ECHO_T=''
EGREP='/bin/grep -E'
EXEEXT=''
FGREP='/bin/grep -F'
GLIB_CFLAGS='-pthread -I/usr/include/glib-2.0 -I/usr/lib/x86_64-linux-gnu/glib-2.0/include'
GLIB_LIBS='-lgthread-2.0 -pthread -lglib-2.0'
GREP='/bin/grep'
HAVE_JAVA_FALSE='#'
HAVE_JAVA_TRUE=''
HAVE_LUA_FALSE=''
HAVE_LUA_TRUE='#'
HAVE_PYTHON_FALSE='#'
HAVE_PYTHON_TRUE=''
INSTALLED_CLASSPATH='${jardir}/lcm.jar'
INSTALL_DATA='${INSTALL} -m 644'
INSTALL_PROGRAM='${INSTALL}'
INSTALL_SCRIPT='${INSTALL}'
INSTALL_STRIP_PROGRAM='$(install_sh) -c -s'
JAR='/usr/bin/jar'
JAVAC='/usr/bin/javac'
LD='/usr/bin/ld -m elf_x86_64'
LDFLAGS=''
LIBLCM_AGE='3'
LIBLCM_CURRENT='4'
LIBLCM_REVISION='4'
LIBLCM_VERSION_INFO='4:4:3'
LIBOBJS=''
LIBS=''
LIBTOOL='$(SHELL) $(top_builddir)/libtool'
LIPO=''
LN_S='ln -s'
LTLIBOBJS=''
LUA=':'
LUA_EXEC_PREFIX=''
LUA_INCLUDE=''
LUA_LIB=''
LUA_PLATFORM=''
LUA_PREFIX=''
LUA_SHORT_VERSION=''
LUA_VERSION=''
MAKEINFO='${SHELL} /home/wbl/autocar/lcm-1.3.1/missing makeinfo'
MANIFEST_TOOL=':'
MKDIR_P='/bin/mkdir -p'
NM='/usr/bin/nm -B'
NMEDIT=''
OBJDUMP='objdump'
OBJEXT='o'
OTOOL64=''
OTOOL=''
PACKAGE='lcm'
PACKAGE_BUGREPORT=''
PACKAGE_NAME='lcm'
PACKAGE_STRING='lcm 1.3.1'
PACKAGE_TARNAME='lcm'
PACKAGE_URL=''
PACKAGE_VERSION='1.3.1'
PATH_SEPARATOR=':'
PKG_CONFIG='/usr/bin/pkg-config'
PKG_CONFIG_LIBDIR=''
PKG_CONFIG_PATH=''
PYTHON='/usr/bin/python'
PYTHON_EXEC_PREFIX='${exec_prefix}'
PYTHON_INCLUDES='-I/usr/include/python2.7 -I/usr/include/x86_64-linux-gnu/python2.7'
PYTHON_PLATFORM='linux2'
PYTHON_PREFIX='${prefix}'
PYTHON_VERSION='2.7'
RANLIB='ranlib'
SED='/bin/sed'
SET_MAKE=''
SHELL='/bin/bash'
STRIP='strip'
VERSION='1.3.1'
ac_ct_AR='ar'
ac_ct_CC='gcc'
ac_ct_DUMPBIN=''
am__EXEEXT_FALSE=''
am__EXEEXT_TRUE='#'
am__fastdepCC_FALSE='#'
am__fastdepCC_TRUE=''
am__include='include'
am__isrc=''
am__leading_dot='.'
am__nodep='_no'
am__quote=''
am__tar='tar --format=ustar -chf - "$$tardir"'
am__untar='tar -xf -'
bindir='${exec_prefix}/bin'
build='x86_64-unknown-linux-gnu'
build_alias=''
build_cpu='x86_64'
build_os='linux-gnu'
build_vendor='unknown'
datadir='${datarootdir}'
datarootdir='${prefix}/share'
docdir='${datarootdir}/doc/${PACKAGE_TARNAME}'
dvidir='${docdir}'
exec_prefix='${prefix}'
host='x86_64-unknown-linux-gnu'
host_alias=''
host_cpu='x86_64'
host_os='linux-gnu'
host_vendor='unknown'
htmldir='${docdir}'
includedir='${prefix}/include'
infodir='${datarootdir}/info'
install_sh='${SHELL} /home/wbl/autocar/lcm-1.3.1/install-sh'
jardir='${datarootdir}/java'
java_apiversion='1.0'
libdir='${exec_prefix}/lib'
libexecdir='${exec_prefix}/libexec'
localedir='${datarootdir}/locale'
localstatedir='${prefix}/var'
luadir=''
luaexecdir=''
mandir='${datarootdir}/man'
mkdir_p='$(MKDIR_P)'
oldincludedir='/usr/include'
pdfdir='${docdir}'
pkgluadir=''
pkgluaexecdir=''
pkgpyexecdir='${pyexecdir}/lcm'
pkgpythondir='${pythondir}/lcm'
prefix='/usr/local'
program_transform_name='s,x,x,'
psdir='${docdir}'
pyexecdir='${exec_prefix}/lib/python2.7/dist-packages'
pylcmexecdir='${exec_prefix}/lib/python2.7/dist-packages/lcm'
pythondir='${prefix}/lib/python2.7/dist-packages'
sbindir='${exec_prefix}/sbin'
sharedstatedir='${prefix}/com'
sysconfdir='${prefix}/etc'
target='x86_64-unknown-linux-gnu'
target_alias=''
target_cpu='x86_64'
target_os='linux-gnu'
target_vendor='unknown'

## ----------- ##
## confdefs.h. ##
## ----------- ##

/* confdefs.h */
#define PACKAGE_NAME "lcm"
#define PACKAGE_TARNAME "lcm"
#define PACKAGE_VERSION "1.3.1"
#define PACKAGE_STRING "lcm 1.3.1"
#define PACKAGE_BUGREPORT ""
#define PACKAGE_URL ""
#define PACKAGE "lcm"
#define VERSION "1.3.1"
#define STDC_HEADERS 1
#define HAVE_SYS_TYPES_H 1
#define HAVE_SYS_STAT_H 1
#define HAVE_STDLIB_H 1
#define HAVE_STRING_H 1
#define HAVE_MEMORY_H 1
#define HAVE_STRINGS_H 1
#define HAVE_INTTYPES_H 1
#define HAVE_STDINT_H 1
#define HAVE_UNISTD_H 1
#define HAVE_DLFCN_H 1
#define LT_OBJDIR ".libs/"

configure: exit 0
